* Starting client
* Connecting to master process on port 3932
* Analyzing classpath: 
  - /home/elvicius/Documents/Evodoop/projects/3_gaj/target/classes
  - /home/elvicius/.m2/repository/com/wutka/jox/1.16/jox-1.16.jar
  - /home/elvicius/.m2/repository/com/wutka/dtdparser/1.21/dtdparser-1.21.jar
  - /home/elvicius/.m2/repository/junit/junit/4.12/junit-4.12.jar
  - /home/elvicius/.m2/repository/org/hamcrest/hamcrest-core/1.3/hamcrest-core-1.3.jar
* Finished analyzing classpath
* Generating tests for class brain.ga.VectorAllelesGenome
* Test criteria:
  - Line Coverage
  - Branch Coverage
  - Exception
  - Mutation testing (weak)
  - Method-Output Coverage
  - Top-Level Method Coverage
  - No-Exception Top-Level Method Coverage
  - Context Branch Coverage
* Setting up search algorithm for whole suite generation
[MASTER] 23:53:56.755 [pool-2-thread-1] WARN  TestSuiteSerialization - Cannot load tests because file does not exist: /home/elvicius/Documents/Evodoop/projects/3_gaj/.evosuite/evosuite-seeds/brain.ga.VectorAllelesGenome.seed
* Loaded 0 tests from /home/elvicius/Documents/Evodoop/projects/3_gaj/.evosuite/evosuite-seeds/brain.ga.VectorAllelesGenome.seed
* Total number of test goals: 
  - Line 1
  - Branch 1
  - Exception 0
  - MutationFactory 0
  - Output 0
  - Method 1
  - MethodNoException 1
  - CBranchFitnessFactory 1
* Using seed 1556772834678
* Starting evolution
* Search finished after 3s and 0 generations, 922 statements, best individual has fitness: 1.0
* Writing sequences to pool
* Minimizing test suite
* Going to analyze the coverage criteria
* Coverage analysis for criterion LINE
* Coverage of criterion LINE: 100%
* Total number of goals: 1
* Number of covered goals: 1
* Coverage analysis for criterion BRANCH
* Coverage of criterion BRANCH: 100%
* Total number of goals: 1
* Number of covered goals: 1
* Coverage analysis for criterion EXCEPTION
* Coverage of criterion EXCEPTION: 100% (no goals)
* Coverage analysis for criterion WEAKMUTATION
* Coverage of criterion WEAKMUTATION: 100% (no goals)
* Coverage analysis for criterion OUTPUT
* Coverage of criterion OUTPUT: 100% (no goals)
* Coverage analysis for criterion METHOD
* Coverage of criterion METHOD: 100%
* Total number of goals: 1
* Number of covered goals: 1
* Coverage analysis for criterion METHODNOEXCEPTION
* Coverage of criterion METHODNOEXCEPTION: 100%
* Total number of goals: 1
* Number of covered goals: 1
* Coverage analysis for criterion CBRANCH
* Coverage of criterion CBRANCH: 100%
* Total number of goals: 1
* Number of covered goals: 1
* Generated 1 tests with total length 1
* Resulting test suite's coverage: 100% (average coverage for all fitness functions)
* Generating assertions
* Resulting test suite's mutation score: 100%
* Compiling and checking tests
* Writing JUnit test case 'VectorAllelesGenome_ESTest' to /home/elvicius/Documents/Evodoop/projects/3_gaj/.evosuite/tmp_2019_05_01_23_44_15/tests
* Done!

