* Starting client
* Connecting to master process on port 4446
* Analyzing classpath: 
  - /home/elvicius/Documents/Evodoop/projects/3_gaj/target/classes
  - /home/elvicius/.m2/repository/com/wutka/jox/1.16/jox-1.16.jar
  - /home/elvicius/.m2/repository/com/wutka/dtdparser/1.21/dtdparser-1.21.jar
  - /home/elvicius/.m2/repository/junit/junit/4.12/junit-4.12.jar
  - /home/elvicius/.m2/repository/org/hamcrest/hamcrest-core/1.3/hamcrest-core-1.3.jar
* Finished analyzing classpath
* Generating tests for class brain.ga.RankSelector
* Test criteria:
  - Line Coverage
  - Branch Coverage
  - Exception
  - Mutation testing (weak)
  - Method-Output Coverage
  - Top-Level Method Coverage
  - No-Exception Top-Level Method Coverage
  - Context Branch Coverage
* Setting up search algorithm for whole suite generation
[MASTER] 23:54:05.291 [pool-2-thread-1] WARN  TestSuiteSerialization - Cannot load tests because file does not exist: /home/elvicius/Documents/Evodoop/projects/3_gaj/.evosuite/evosuite-seeds/brain.ga.RankSelector.seed
* Loaded 0 tests from /home/elvicius/Documents/Evodoop/projects/3_gaj/.evosuite/evosuite-seeds/brain.ga.RankSelector.seed
* Total number of test goals: 
  - Line 4
  - Branch 2
  - Exception 0
  - MutationFactory 3
  - Output 2
  - Method 2
  - MethodNoException 2
  - CBranchFitnessFactory 2
* Using seed 1556772842853
* Starting evolution

* User requested search stop
