* Starting client
* Connecting to master process on port 8034
* Analyzing classpath: 
  - /home/elvicius/Documents/Evodoop/projects/3_gaj/target/classes
  - /home/elvicius/.m2/repository/com/wutka/jox/1.16/jox-1.16.jar
  - /home/elvicius/.m2/repository/com/wutka/dtdparser/1.21/dtdparser-1.21.jar
  - /home/elvicius/.m2/repository/junit/junit/4.12/junit-4.12.jar
  - /home/elvicius/.m2/repository/org/hamcrest/hamcrest-core/1.3/hamcrest-core-1.3.jar
* Finished analyzing classpath
* Generating tests for class brain.ga.Population
* Test criteria:
  - Line Coverage
  - Branch Coverage
  - Exception
  - Mutation testing (weak)
  - Method-Output Coverage
  - Top-Level Method Coverage
  - No-Exception Top-Level Method Coverage
  - Context Branch Coverage
* Setting up search algorithm for whole suite generation
* Loaded 29 tests from /home/elvicius/Documents/Evodoop/projects/3_gaj/.evosuite/evosuite-seeds/brain.ga.Population.seed
* Total number of test goals: 
  - Line 25
  - Branch 13
  - Exception 0
  - MutationFactory 38
  - Output 14
  - Method 12
  - MethodNoException 12
  - CBranchFitnessFactory 13
* Using seed 1556772760946
* Starting evolution
* Search finished after 61s and 710 generations, 151601 statements, best individual has fitness: 5.090909090909091
* Writing sequences to pool
* Minimizing test suite
* Going to analyze the coverage criteria
* Coverage analysis for criterion LINE
* Coverage of criterion LINE: 100%
* Total number of goals: 25
* Number of covered goals: 25
* Coverage analysis for criterion BRANCH
* Coverage of criterion BRANCH: 100%
* Total number of goals: 13
* Number of covered goals: 13
* Coverage analysis for criterion EXCEPTION
* Coverage of criterion EXCEPTION: 100%
* Total number of goals: 10
* Number of covered goals: 10
* Coverage analysis for criterion WEAKMUTATION
* Coverage of criterion WEAKMUTATION: 95%
* Total number of goals: 38
* Number of covered goals: 36
* Coverage analysis for criterion OUTPUT
* Coverage of criterion OUTPUT: 71%
* Total number of goals: 14
* Number of covered goals: 10
* Coverage analysis for criterion METHOD
* Coverage of criterion METHOD: 100%
* Total number of goals: 12
* Number of covered goals: 12
* Coverage analysis for criterion METHODNOEXCEPTION
* Coverage of criterion METHODNOEXCEPTION: 100%
* Total number of goals: 12
* Number of covered goals: 12
* Coverage analysis for criterion CBRANCH
* Coverage of criterion CBRANCH: 100%
* Total number of goals: 13
* Number of covered goals: 13
* Generated 23 tests with total length 81
* Resulting test suite's coverage: 96% (average coverage for all fitness functions)
* Generating assertions
* Resulting test suite's mutation score: 52%
* Compiling and checking tests
* Writing JUnit test case 'Population_ESTest' to /home/elvicius/Documents/Evodoop/projects/3_gaj/.evosuite/tmp_2019_05_01_23_44_15/tests
* Done!

