* Starting client
* Connecting to master process on port 18076
* Analyzing classpath: 
  - /home/elvicius/Documents/Evodoop/projects/3_gaj/target/classes
  - /home/elvicius/.m2/repository/com/wutka/jox/1.16/jox-1.16.jar
  - /home/elvicius/.m2/repository/com/wutka/dtdparser/1.21/dtdparser-1.21.jar
  - /home/elvicius/.m2/repository/junit/junit/4.12/junit-4.12.jar
  - /home/elvicius/.m2/repository/org/hamcrest/hamcrest-core/1.3/hamcrest-core-1.3.jar
* Finished analyzing classpath
* Generating tests for class brain.ga.Genome
* Test criteria:
  - Line Coverage
  - Branch Coverage
  - Exception
  - Mutation testing (weak)
  - Method-Output Coverage
  - Top-Level Method Coverage
  - No-Exception Top-Level Method Coverage
  - Context Branch Coverage
* Setting up search algorithm for whole suite generation
[MASTER] 10:54:55.138 [pool-2-thread-1] WARN  TestSuiteSerialization - Cannot load tests because file does not exist: /home/elvicius/Documents/Evodoop/projects/3_gaj/.evosuite/evosuite-seeds/brain.ga.Genome.seed
* Loaded 0 tests from /home/elvicius/Documents/Evodoop/projects/3_gaj/.evosuite/evosuite-seeds/brain.ga.Genome.seed
* Total number of test goals: 
  - Line 14
  - Branch 9
  - Exception 0
  - MutationFactory 20
  - Output 8
  - Method 5
  - MethodNoException 5
  - CBranchFitnessFactory 9
* Using seed 1556898891459
* Starting evolution
* Search finished after 116s and 2018 generations, 136141 statements, best individual has fitness: 50.08333333333333
* Writing sequences to pool
* Minimizing test suite
* Going to analyze the coverage criteria
* Coverage analysis for criterion LINE
* Coverage of criterion LINE: 64%
* Total number of goals: 14
* Number of covered goals: 9
* Coverage analysis for criterion BRANCH
* Coverage of criterion BRANCH: 44%
* Total number of goals: 9
* Number of covered goals: 4
* Coverage analysis for criterion EXCEPTION
* Coverage of criterion EXCEPTION: 100%
* Total number of goals: 3
* Number of covered goals: 3
* Coverage analysis for criterion WEAKMUTATION
* Coverage of criterion WEAKMUTATION: 10%
* Total number of goals: 20
* Number of covered goals: 2
* Coverage analysis for criterion OUTPUT
* Coverage of criterion OUTPUT: 12%
* Total number of goals: 8
* Number of covered goals: 1
* Coverage analysis for criterion METHOD
* Coverage of criterion METHOD: 100%
* Total number of goals: 5
* Number of covered goals: 5
* Coverage analysis for criterion METHODNOEXCEPTION
* Coverage of criterion METHODNOEXCEPTION: 60%
* Total number of goals: 5
* Number of covered goals: 3
* Coverage analysis for criterion CBRANCH
* Coverage of criterion CBRANCH: 44%
* Total number of goals: 9
* Number of covered goals: 4
* Generated 5 tests with total length 11
* Resulting test suite's coverage: 54% (average coverage for all fitness functions)
* Generating assertions
* Resulting test suite's mutation score: 0%
* Compiling and checking tests
* Writing JUnit test case 'Genome_ESTest' to /home/elvicius/Documents/Evodoop/projects/3_gaj/.evosuite/tmp_2019_05_03_10_54_48/tests
* Done!

