* Starting client
* Connecting to master process on port 11945
* Analyzing classpath: 
  - /home/elvicius/Documents/Evodoop/projects/3_gaj/target/classes
  - /home/elvicius/.m2/repository/com/wutka/jox/1.16/jox-1.16.jar
  - /home/elvicius/.m2/repository/com/wutka/dtdparser/1.21/dtdparser-1.21.jar
  - /home/elvicius/.m2/repository/junit/junit/4.12/junit-4.12.jar
  - /home/elvicius/.m2/repository/org/hamcrest/hamcrest-core/1.3/hamcrest-core-1.3.jar
* Finished analyzing classpath
* Generating tests for class brain.ga.GAAlgorithm
* Test criteria:
  - Line Coverage
  - Branch Coverage
  - Exception
  - Mutation testing (weak)
  - Method-Output Coverage
  - Top-Level Method Coverage
  - No-Exception Top-Level Method Coverage
  - Context Branch Coverage
* Setting up search algorithm for whole suite generation
[MASTER] 23:51:30.441 [pool-2-thread-1] WARN  TestSuiteSerialization - Cannot load tests because file does not exist: /home/elvicius/Documents/Evodoop/projects/3_gaj/.evosuite/evosuite-seeds/brain.ga.GAAlgorithm.seed
* Loaded 0 tests from /home/elvicius/Documents/Evodoop/projects/3_gaj/.evosuite/evosuite-seeds/brain.ga.GAAlgorithm.seed
* Total number of test goals: 
  - Line 23
  - Branch 14
  - Exception 0
  - MutationFactory 6
  - Output 10
  - Method 13
  - MethodNoException 13
  - CBranchFitnessFactory 14
* Using seed 1556772687698
* Starting evolution
* Search finished after 61s and 842 generations, 207893 statements, best individual has fitness: 5.833333333333333
* Writing sequences to pool
* Minimizing test suite
* Going to analyze the coverage criteria
* Coverage analysis for criterion LINE
* Coverage of criterion LINE: 96%
* Total number of goals: 23
* Number of covered goals: 22
* Coverage analysis for criterion BRANCH
* Coverage of criterion BRANCH: 93%
* Total number of goals: 14
* Number of covered goals: 13
* Coverage analysis for criterion EXCEPTION
* Coverage of criterion EXCEPTION: 100%
* Total number of goals: 2
* Number of covered goals: 2
* Coverage analysis for criterion WEAKMUTATION
* Coverage of criterion WEAKMUTATION: 83%
* Total number of goals: 6
* Number of covered goals: 5
* Coverage analysis for criterion OUTPUT
* Coverage of criterion OUTPUT: 80%
* Total number of goals: 10
* Number of covered goals: 8
* Coverage analysis for criterion METHOD
* Coverage of criterion METHOD: 100%
* Total number of goals: 13
* Number of covered goals: 13
* Coverage analysis for criterion METHODNOEXCEPTION
* Coverage of criterion METHODNOEXCEPTION: 100%
* Total number of goals: 13
* Number of covered goals: 13
* Coverage analysis for criterion CBRANCH
* Coverage of criterion CBRANCH: 93%
* Total number of goals: 14
* Number of covered goals: 13
* Generated 16 tests with total length 44
* Resulting test suite's coverage: 93% (average coverage for all fitness functions)
* Generating assertions
* Resulting test suite's mutation score: 50%
* Compiling and checking tests
* Writing JUnit test case 'GAAlgorithm_ESTest' to /home/elvicius/Documents/Evodoop/projects/3_gaj/.evosuite/tmp_2019_05_01_23_44_15/tests
* Done!

