* Starting client
* Connecting to master process on port 20681
* Analyzing classpath: 
  - /home/elvicius/Documents/Evodoop/projects/3_gaj/target/classes
  - /home/elvicius/.m2/repository/com/wutka/jox/1.16/jox-1.16.jar
  - /home/elvicius/.m2/repository/com/wutka/dtdparser/1.21/dtdparser-1.21.jar
  - /home/elvicius/.m2/repository/junit/junit/4.12/junit-4.12.jar
  - /home/elvicius/.m2/repository/org/hamcrest/hamcrest-core/1.3/hamcrest-core-1.3.jar
* Finished analyzing classpath
* Generating tests for class brain.ga.GAAlgorithm
* Test criteria:
  - Line Coverage
  - Branch Coverage
  - Exception
  - Mutation testing (weak)
  - Method-Output Coverage
  - Top-Level Method Coverage
  - No-Exception Top-Level Method Coverage
  - Context Branch Coverage
* Setting up search algorithm for whole suite generation
[MASTER] 11:00:22.258 [pool-2-thread-1] WARN  TestSuiteSerialization - Cannot load tests because file does not exist: /home/elvicius/Documents/Evodoop/projects/3_gaj/.evosuite/evosuite-seeds/brain.ga.GAAlgorithm.seed
* Loaded 0 tests from /home/elvicius/Documents/Evodoop/projects/3_gaj/.evosuite/evosuite-seeds/brain.ga.GAAlgorithm.seed
* Total number of test goals: 
  - Line 23
  - Branch 14
  - Exception 0
  - MutationFactory 6
  - Output 10
  - Method 13
  - MethodNoException 13
  - CBranchFitnessFactory 14
* Using seed 1556899219123
* Starting evolution

* User requested search stop
